Determining if the pthread_create exist failed with the following output:
Change Dir: /home/jerrychan/ros_pratical_training/catkin_ws/build/CMakeFiles/CMakeTmp

Run Build Command:"/usr/bin/make" "cmTC_7392d/fast"
/usr/bin/make -f CMakeFiles/cmTC_7392d.dir/build.make CMakeFiles/cmTC_7392d.dir/build
make[1]: Entering directory '/home/jerrychan/ros_pratical_training/catkin_ws/build/CMakeFiles/CMakeTmp'
Building C object CMakeFiles/cmTC_7392d.dir/CheckSymbolExists.c.o
/usr/bin/cc     -o CMakeFiles/cmTC_7392d.dir/CheckSymbolExists.c.o   -c /home/jerrychan/ros_pratical_training/catkin_ws/build/CMakeFiles/CMakeTmp/CheckSymbolExists.c
Linking C executable cmTC_7392d
/usr/bin/cmake -E cmake_link_script CMakeFiles/cmTC_7392d.dir/link.txt --verbose=1
/usr/bin/cc       CMakeFiles/cmTC_7392d.dir/CheckSymbolExists.c.o  -o cmTC_7392d -rdynamic 
CMakeFiles/cmTC_7392d.dir/CheckSymbolExists.c.o: In function `main':
CheckSymbolExists.c:(.text+0x16): undefined reference to `pthread_create'
collect2: error: ld returned 1 exit status
CMakeFiles/cmTC_7392d.dir/build.make:97: recipe for target 'cmTC_7392d' failed
make[1]: *** [cmTC_7392d] Error 1
make[1]: Leaving directory '/home/jerrychan/ros_pratical_training/catkin_ws/build/CMakeFiles/CMakeTmp'
Makefile:126: recipe for target 'cmTC_7392d/fast' failed
make: *** [cmTC_7392d/fast] Error 2

File /home/jerrychan/ros_pratical_training/catkin_ws/build/CMakeFiles/CMakeTmp/CheckSymbolExists.c:
/* */
#include <pthread.h>

int main(int argc, char** argv)
{
  (void)argv;
#ifndef pthread_create
  return ((int*)(&pthread_create))[argc];
#else
  (void)argc;
  return 0;
#endif
}

Determining if the function pthread_create exists in the pthreads failed with the following output:
Change Dir: /home/jerrychan/ros_pratical_training/catkin_ws/build/CMakeFiles/CMakeTmp

Run Build Command:"/usr/bin/make" "cmTC_fe479/fast"
/usr/bin/make -f CMakeFiles/cmTC_fe479.dir/build.make CMakeFiles/cmTC_fe479.dir/build
make[1]: Entering directory '/home/jerrychan/ros_pratical_training/catkin_ws/build/CMakeFiles/CMakeTmp'
Building C object CMakeFiles/cmTC_fe479.dir/CheckFunctionExists.c.o
/usr/bin/cc    -DCHECK_FUNCTION_EXISTS=pthread_create   -o CMakeFiles/cmTC_fe479.dir/CheckFunctionExists.c.o   -c /usr/share/cmake-3.5/Modules/CheckFunctionExists.c
Linking C executable cmTC_fe479
/usr/bin/cmake -E cmake_link_script CMakeFiles/cmTC_fe479.dir/link.txt --verbose=1
/usr/bin/cc   -DCHECK_FUNCTION_EXISTS=pthread_create    CMakeFiles/cmTC_fe479.dir/CheckFunctionExists.c.o  -o cmTC_fe479 -rdynamic -lpthreads 
/usr/bin/ld: cannot find -lpthreads
collect2: error: ld returned 1 exit status
CMakeFiles/cmTC_fe479.dir/build.make:97: recipe for target 'cmTC_fe479' failed
make[1]: *** [cmTC_fe479] Error 1
make[1]: Leaving directory '/home/jerrychan/ros_pratical_training/catkin_ws/build/CMakeFiles/CMakeTmp'
Makefile:126: recipe for target 'cmTC_fe479/fast' failed
make: *** [cmTC_fe479/fast] Error 2


